qdir:    "c:\program files (x86)\steam\steamapps\sourcemods\testbed\modelsrc\bus_stop\tree_01\"
gamedir: "C:\Program Files (x86)\Steam\steamapps\sourcemods\testbed\"
g_path:  "C:\Program Files (x86)\Steam\steamapps\sourcemods\testbed\modelsrc\bus_stop\Tree_01\Tree_01.qc"
Building binary model files...
Working on "Tree_01.qc"
SMD MODEL Tree_01.smd
SMD MODEL Tree_01_colls.smd
SMD MODEL anims/idle.smd
WARNING: Model has 2-dimensional geometry (less than 0.500 inches thick on any axis)!!!
WARNING: Model has 2-dimensional geometry (less than 0.500 inches thick on any axis)!!!
WARNING: Model has 2-dimensional geometry (less than 0.500 inches thick on any axis)!!!
WARNING: Model has 2-dimensional geometry (less than 0.500 inches thick on any axis)!!!
WARNING: Error with convex elements of Tree_01_colls.smd, building single convex!!!!
Model has 2 convex sub-parts
Collision model completed.
---------------------
writing C:\Program Files (x86)\Steam\steamapps\sourcemods\testbed\models/bus_stop/Tree_01.mdl:
bones          964 bytes (1)
animations     112 bytes (1 anims) (1 frames) [0:00]
sequences      220 bytes (1 seq) 
ik/pose        164 bytes
eyeballs         0 bytes (0 eyeballs)
flexes           0 bytes (0 flexes)
textures        72 bytes
keyvalues        0 bytes
bone transforms        0 bytes
bone flex driver       0 bytes
Collision model volume 7537335.50 in^3
collision        0 bytes
total         1736
---------------------
writing C:\Program Files (x86)\Steam\steamapps\sourcemods\testbed\models/bus_stop/Tree_01.vvd:
vertices      1104 bytes (23 vertices)
tangents       368 bytes (23 vertices)
total         1536 bytes
---------------------
Generating optimized mesh "C:\Program Files (x86)\Steam\steamapps\sourcemods\testbed\models/bus_stop/Tree_01.sw.vtx":
body parts:         8 bytes
models:            20 bytes
model LODs:        12 bytes
meshes:             9 bytes
strip groups:      25 bytes
strips:            27 bytes
verts:            207 bytes
indices:           72 bytes
bone changes:      16 bytes
everything:       420 bytes
---------------------
Generating optimized mesh "C:\Program Files (x86)\Steam\steamapps\sourcemods\testbed\models/bus_stop/Tree_01.dx80.vtx":
body parts:         8 bytes
models:            20 bytes
model LODs:        12 bytes
meshes:             9 bytes
strip groups:      25 bytes
strips:            27 bytes
verts:            207 bytes
indices:           72 bytes
bone changes:      16 bytes
everything:       420 bytes
---------------------
Generating optimized mesh "C:\Program Files (x86)\Steam\steamapps\sourcemods\testbed\models/bus_stop/Tree_01.dx90.vtx":
body parts:         8 bytes
models:            20 bytes
model LODs:        12 bytes
meshes:             9 bytes
strip groups:      25 bytes
strips:            27 bytes
verts:            207 bytes
indices:           72 bytes
bone changes:      16 bytes
everything:       420 bytes

Completed "Tree_01.qc"



