qdir:    "c:\program files (x86)\steam\steamapps\sourcemods\testbed\modelsrc\bus_stop\tree_02\"
gamedir: "C:\Program Files (x86)\Steam\steamapps\sourcemods\testbed\"
g_path:  "C:\Program Files (x86)\Steam\steamapps\sourcemods\testbed\modelsrc\bus_stop\Tree_02\Tree_02.qc"
Building binary model files...
Working on "Tree_02.qc"
SMD MODEL Tree_02.smd
SMD MODEL Tree_02_colls.smd
SMD MODEL anims/idle.smd
WARNING: Model has 2-dimensional geometry (less than 0.500 inches thick on any axis)!!!
WARNING: Model has 2-dimensional geometry (less than 0.500 inches thick on any axis)!!!
WARNING: Model has 2-dimensional geometry (less than 0.500 inches thick on any axis)!!!
WARNING: Model has 2-dimensional geometry (less than 0.500 inches thick on any axis)!!!
WARNING: Error with convex elements of Tree_02_colls.smd, building single convex!!!!
Model has 1 convex sub-parts
Collision model completed.
---------------------
writing C:\Program Files (x86)\Steam\steamapps\sourcemods\testbed\models/bus_stop/Tree_02.mdl:
bones          964 bytes (1)
animations     112 bytes (1 anims) (1 frames) [0:00]
sequences      220 bytes (1 seq) 
ik/pose        164 bytes
eyeballs         0 bytes (0 eyeballs)
flexes           0 bytes (0 flexes)
textures        72 bytes
keyvalues        0 bytes
bone transforms        0 bytes
bone flex driver       0 bytes
Collision model volume 14565736.00 in^3
collision        0 bytes
total         1736
---------------------
writing C:\Program Files (x86)\Steam\steamapps\sourcemods\testbed\models/bus_stop/Tree_02.vvd:
vertices       768 bytes (16 vertices)
tangents       256 bytes (16 vertices)
total         1088 bytes
---------------------
Generating optimized mesh "C:\Program Files (x86)\Steam\steamapps\sourcemods\testbed\models/bus_stop/Tree_02.sw.vtx":
body parts:         8 bytes
models:            20 bytes
model LODs:        12 bytes
meshes:             9 bytes
strip groups:      25 bytes
strips:            27 bytes
verts:            144 bytes
indices:           48 bytes
bone changes:      16 bytes
everything:       333 bytes
---------------------
Generating optimized mesh "C:\Program Files (x86)\Steam\steamapps\sourcemods\testbed\models/bus_stop/Tree_02.dx80.vtx":
body parts:         8 bytes
models:            20 bytes
model LODs:        12 bytes
meshes:             9 bytes
strip groups:      25 bytes
strips:            27 bytes
verts:            144 bytes
indices:           48 bytes
bone changes:      16 bytes
everything:       333 bytes
---------------------
Generating optimized mesh "C:\Program Files (x86)\Steam\steamapps\sourcemods\testbed\models/bus_stop/Tree_02.dx90.vtx":
body parts:         8 bytes
models:            20 bytes
model LODs:        12 bytes
meshes:             9 bytes
strip groups:      25 bytes
strips:            27 bytes
verts:            144 bytes
indices:           48 bytes
bone changes:      16 bytes
everything:       333 bytes

Completed "Tree_02.qc"



