PRT1
36
72
4 0 7 (0 320 2046 ) (0 1022 2046 ) (0 1022 -1022 ) (0 320 -1022 ) 
4 0 6 (0 320 -1022 ) (608 320 -1022 ) (608 320 -16 ) (0 320 -16 ) 
4 0 5 (608 320 -1022 ) (1022 320 -1022 ) (1022 320 0 ) (608 320 0 ) 
4 0 3 (1022 320 0 ) (1022 320 1024 ) (608 320 1024 ) (608 320 0 ) 
4 0 2 (608 320 2046 ) (0 320 2046 ) (0 320 1088 ) (608 320 1088 ) 
4 0 1 (1022 320 1024 ) (1022 320 2046 ) (608 320 2046 ) (608 320 1024 ) 
4 1 14 (1022 0 2046 ) (608 0 2046 ) (608 0 1024 ) (1022 0 1024 ) 
4 1 3 (608 320 1024 ) (1022 320 1024 ) (1022 0 1024 ) (608 0 1024 ) 
4 1 2 (608 320 2046 ) (608 320 1088 ) (608 0 1088 ) (608 0 2046 ) 
4 2 15 (608 0 2046 ) (0 0 2046 ) (0 0 1088 ) (608 0 1088 ) 
4 2 8 (0 0 1088 ) (0 0 2046 ) (0 320 2046 ) (0 320 1088 ) 
4 3 14 (1022 0 1024 ) (608 0 1024 ) (608 0 0 ) (1022 0 0 ) 
4 3 5 (1022 0 0 ) (608 0 0 ) (608 320 0 ) (1022 320 0 ) 
4 4 16 (576 0 1024 ) (0 0 1024 ) (0 0 64 ) (576 0 64 ) 
4 4 10 (0 0 64 ) (0 0 1024 ) (0 288 1024 ) (0 288 64 ) 
4 5 18 (1022 0 0 ) (608 0 0 ) (608 0 -1022 ) (1022 0 -1022 ) 
4 5 6 (608 320 -16 ) (608 320 -1022 ) (608 0 -1022 ) (608 0 -16 ) 
4 6 19 (0 0 -16 ) (0 0 -1022 ) (608 0 -1022 ) (608 0 -16 ) 
4 6 12 (0 0 -1022 ) (0 0 -16 ) (0 320 -16 ) (0 320 -1022 ) 
4 7 13 (-1022 320 -1022 ) (-672 320 -1022 ) (-672 320 0 ) (-1022 320 0 ) 
4 7 12 (-672 320 -1022 ) (0 320 -1022 ) (0 320 -16 ) (-672 320 -16 ) 
4 7 11 (-672 320 1024 ) (-1022 320 1024 ) (-1022 320 0 ) (-672 320 0 ) 
4 7 8 (0 320 1088 ) (0 320 2046 ) (-672 320 2046 ) (-672 320 1088 ) 
4 7 9 (-672 320 2046 ) (-1022 320 2046 ) (-1022 320 1024 ) (-672 320 1024 ) 
4 8 20 (0 0 1088 ) (0 0 2046 ) (-672 0 2046 ) (-672 0 1088 ) 
4 8 9 (-672 320 2046 ) (-672 320 1088 ) (-672 0 1088 ) (-672 0 2046 ) 
4 9 23 (-672 0 2046 ) (-1022 0 2046 ) (-1022 0 1024 ) (-672 0 1024 ) 
4 9 11 (-1022 320 1024 ) (-672 320 1024 ) (-672 0 1024 ) (-1022 0 1024 ) 
4 10 21 (0 0 64 ) (0 0 1024 ) (-640 0 1024 ) (-640 0 64 ) 
4 11 23 (-672 0 1024 ) (-1022 0 1024 ) (-1022 0 0 ) (-672 0 0 ) 
4 11 13 (-672 0 0 ) (-1022 0 0 ) (-1022 320 0 ) (-672 320 0 ) 
4 12 24 (0 0 -1022 ) (0 0 -16 ) (-672 0 -16 ) (-672 0 -1022 ) 
4 12 13 (-672 320 -16 ) (-672 320 -1022 ) (-672 0 -1022 ) (-672 0 -16 ) 
4 13 25 (-672 0 0 ) (-1022 0 0 ) (-1022 0 -1022 ) (-672 0 -1022 ) 
4 14 26 (1022 -1024 2046 ) (608 -1024 2046 ) (608 -1024 0 ) (1022 -1024 0 ) 
4 14 18 (1022 -1024 0 ) (608 -1024 0 ) (608 0 0 ) (1022 0 0 ) 
4 14 15 (608 -1024 1088 ) (608 -1024 2046 ) (608 0 2046 ) (608 0 1088 ) 
4 15 27 (608 -1024 2046 ) (0 -1024 2046 ) (0 -1024 1088 ) (608 -1024 1088 ) 
4 15 20 (0 0 2046 ) (0 0 1088 ) (0 -1024 1088 ) (0 -1024 2046 ) 
4 16 28 (0 -1024 1024 ) (0 -1024 64 ) (576 -1024 64 ) (576 -1024 1024 ) 
4 16 21 (0 0 1024 ) (0 0 64 ) (0 -1024 64 ) (0 -1024 1024 ) 
4 16 17 (0 -1024 64 ) (0 -384 64 ) (576 -384 64 ) (576 -1024 64 ) 
4 17 28 (0 -1024 64 ) (0 -1024 0 ) (576 -1024 0 ) (576 -1024 64 ) 
4 17 22 (0 -384 0 ) (0 -1024 0 ) (0 -1024 64 ) (0 -384 64 ) 
4 18 26 (1022 -1024 0 ) (608 -1024 0 ) (608 -1024 -1022 ) (1022 -1024 -1022 ) 
4 18 19 (608 0 -1022 ) (608 -1024 -1022 ) (608 -1024 -16 ) (608 0 -16 ) 
4 19 29 (0 -1024 -16 ) (0 -1024 -1022 ) (608 -1024 -1022 ) (608 -1024 -16 ) 
4 19 24 (0 0 -16 ) (0 0 -1022 ) (0 -1024 -1022 ) (0 -1024 -16 ) 
4 20 31 (0 -1024 1088 ) (0 -1024 2046 ) (-672 -1024 2046 ) (-672 -1024 1088 ) 
4 20 23 (-672 -1024 1088 ) (-672 -1024 2046 ) (-672 0 2046 ) (-672 0 1088 ) 
4 21 32 (0 -1024 64 ) (0 -1024 1024 ) (-640 -1024 1024 ) (-640 -1024 64 ) 
4 21 22 (-640 -1024 64 ) (-640 -384 64 ) (0 -384 64 ) (0 -1024 64 ) 
4 22 32 (0 -1024 0 ) (0 -1024 64 ) (-640 -1024 64 ) (-640 -1024 0 ) 
4 23 34 (-672 -1024 2046 ) (-1022 -1024 2046 ) (-1022 -1024 0 ) (-672 -1024 0 ) 
4 23 25 (-672 -1024 0 ) (-1022 -1024 0 ) (-1022 0 0 ) (-672 0 0 ) 
4 24 33 (0 -1024 -1022 ) (0 -1024 -16 ) (-672 -1024 -16 ) (-672 -1024 -1022 ) 
4 24 25 (-672 0 -1022 ) (-672 -1024 -1022 ) (-672 -1024 -16 ) (-672 0 -16 ) 
4 25 34 (-672 -1024 0 ) (-1022 -1024 0 ) (-1022 -1024 -1022 ) (-672 -1024 -1022 ) 
4 26 30 (608 -1248 -1022 ) (1022 -1248 -1022 ) (1022 -1248 2046 ) (608 -1248 2046 ) 
4 26 29 (608 -1024 -1022 ) (608 -1248 -1022 ) (608 -1248 -16 ) (608 -1024 -16 ) 
4 26 27 (608 -1248 1088 ) (608 -1248 2046 ) (608 -1024 2046 ) (608 -1024 1088 ) 
4 27 31 (0 -1024 2046 ) (0 -1024 1088 ) (0 -1248 1088 ) (0 -1248 2046 ) 
4 27 30 (608 -1248 1088 ) (608 -1248 2046 ) (0 -1248 2046 ) (0 -1248 1088 ) 
4 28 32 (0 -1024 1024 ) (0 -1024 0 ) (0 -1216 0 ) (0 -1216 1024 ) 
4 29 33 (0 -1024 -16 ) (0 -1024 -1022 ) (0 -1248 -1022 ) (0 -1248 -16 ) 
4 29 30 (0 -1248 -1022 ) (608 -1248 -1022 ) (608 -1248 -16 ) (0 -1248 -16 ) 
4 30 35 (0 -1248 -1022 ) (0 -2046 -1022 ) (0 -2046 2046 ) (0 -1248 2046 ) 
4 31 35 (0 -1248 1088 ) (0 -1248 2046 ) (-672 -1248 2046 ) (-672 -1248 1088 ) 
4 31 34 (-672 -1248 1088 ) (-672 -1248 2046 ) (-672 -1024 2046 ) (-672 -1024 1088 ) 
4 33 35 (-672 -1248 -1022 ) (0 -1248 -1022 ) (0 -1248 -16 ) (-672 -1248 -16 ) 
4 33 34 (-672 -1024 -1022 ) (-672 -1248 -1022 ) (-672 -1248 -16 ) (-672 -1024 -16 ) 
4 34 35 (-1022 -1248 -1022 ) (-672 -1248 -1022 ) (-672 -1248 2046 ) (-1022 -1248 2046 ) 
