qdir:    "c:\program files (x86)\steam\steamapps\sourcemods\testbed\modelsrc\bus_stop\concrete\"
gamedir: "C:\Program Files (x86)\Steam\steamapps\sourcemods\testbed\"
g_path:  "C:\Program Files (x86)\Steam\steamapps\sourcemods\testbed\modelsrc\bus_stop\Concrete\Concrete.qc"
Building binary model files...
Working on "Concrete.qc"
SMD MODEL Concrete.smd
SMD MODEL Concrete_colls.smd
SMD MODEL anims/idle.smd
WARNING: Model has 2-dimensional geometry (less than 0.500 inches thick on any axis)!!!
WARNING: Model has 2-dimensional geometry (less than 0.500 inches thick on any axis)!!!
WARNING: Model has 2-dimensional geometry (less than 0.500 inches thick on any axis)!!!
WARNING: Model has 2-dimensional geometry (less than 0.500 inches thick on any axis)!!!
WARNING: Model has 2-dimensional geometry (less than 0.500 inches thick on any axis)!!!
WARNING: Error with convex elements of Concrete_colls.smd, building single convex!!!!
Model has 1 convex sub-parts
Collision model completed.
---------------------
writing C:\Program Files (x86)\Steam\steamapps\sourcemods\testbed\models/bus_stop/Concrete.mdl:
bones          964 bytes (1)
animations     112 bytes (1 anims) (1 frames) [0:00]
sequences      220 bytes (1 seq) 
ik/pose        164 bytes
eyeballs         0 bytes (0 eyeballs)
flexes           0 bytes (0 flexes)
textures        72 bytes
keyvalues        0 bytes
bone transforms        0 bytes
bone flex driver       0 bytes
Collision model volume 85783.42 in^3
collision        0 bytes
total         1740
---------------------
writing C:\Program Files (x86)\Steam\steamapps\sourcemods\testbed\models/bus_stop/Concrete.vvd:
vertices       960 bytes (20 vertices)
tangents       320 bytes (20 vertices)
total         1344 bytes
---------------------
Generating optimized mesh "C:\Program Files (x86)\Steam\steamapps\sourcemods\testbed\models/bus_stop/Concrete.sw.vtx":
body parts:         8 bytes
models:            20 bytes
model LODs:        12 bytes
meshes:             9 bytes
strip groups:      25 bytes
strips:            27 bytes
verts:            180 bytes
indices:           60 bytes
bone changes:      16 bytes
everything:       381 bytes
---------------------
Generating optimized mesh "C:\Program Files (x86)\Steam\steamapps\sourcemods\testbed\models/bus_stop/Concrete.dx80.vtx":
body parts:         8 bytes
models:            20 bytes
model LODs:        12 bytes
meshes:             9 bytes
strip groups:      25 bytes
strips:            27 bytes
verts:            180 bytes
indices:           60 bytes
bone changes:      16 bytes
everything:       381 bytes
---------------------
Generating optimized mesh "C:\Program Files (x86)\Steam\steamapps\sourcemods\testbed\models/bus_stop/Concrete.dx90.vtx":
body parts:         8 bytes
models:            20 bytes
model LODs:        12 bytes
meshes:             9 bytes
strip groups:      25 bytes
strips:            27 bytes
verts:            180 bytes
indices:           60 bytes
bone changes:      16 bytes
everything:       381 bytes

Completed "Concrete.qc"



